2/11/2021 3:32:26 PM 16044 Logging started
2/11/2021 3:32:26 PM 16044 Already running
2/11/2021 3:32:26 PM 16044 Logging ended
2/11/2021 3:32:29 PM 9596 Startbutton
2/11/2021 3:32:29 PM 9596 Starting Game Starcraft 1.16.1 C:\Users\Zap\Downloads\Starcraft_1161\StarCraft.exe
2/11/2021 3:32:29 PM 9596 BWAPI 4.4.0 Injector [RELEASE] Version  Compatible
2/11/2021 3:32:29 PM 9596 W-MODE 1.02 Version 1.0.2 Compatible
2/11/2021 3:32:29 PM 9596 Obtained DebugPrivilege
2/11/2021 3:32:29 PM 9596 CreateProcess
2/11/2021 3:32:29 PM 9596 Call ScSuspended for all active Plugins
2/11/2021 3:32:29 PM 9596 ApplyPatchSuspended for BWAPI 4.4.0 Injector [RELEASE]
2/11/2021 3:32:29 PM 9596 ApplyPatchSuspended for W-MODE 1.02
2/11/2021 3:32:29 PM 9596 ResumeThread
2/11/2021 3:32:29 PM 9596 WaitForInputIdle
2/11/2021 3:32:29 PM 9596 Call ScWindowCreated for all active Plugins
2/11/2021 3:32:29 PM 9596 ApplyPatch for BWAPI 4.4.0 Injector [RELEASE]
2/11/2021 3:32:29 PM 9596 ApplyPatch for W-MODE 1.02
2/11/2021 3:32:29 PM 9596 Starting Starcraft completed
2/11/2021 3:33:33 PM 9596 Startbutton
2/11/2021 3:33:33 PM 9596 Starting Game Starcraft 1.16.1 C:\Users\Zap\Downloads\Starcraft_1161\StarCraft.exe
2/11/2021 3:33:33 PM 9596 BWAPI 4.4.0 Injector [RELEASE] Version  Compatible
2/11/2021 3:33:33 PM 9596 W-MODE 1.02 Version 1.0.2 Compatible
2/11/2021 3:33:33 PM 9596 Obtained DebugPrivilege
2/11/2021 3:33:33 PM 9596 CreateProcess
2/11/2021 3:33:33 PM 9596 Call ScSuspended for all active Plugins
2/11/2021 3:33:33 PM 9596 ApplyPatchSuspended for BWAPI 4.4.0 Injector [RELEASE]
2/11/2021 3:33:33 PM 9596 ApplyPatchSuspended for W-MODE 1.02
2/11/2021 3:33:33 PM 9596 ResumeThread
2/11/2021 3:33:33 PM 9596 WaitForInputIdle
2/11/2021 3:33:33 PM 9596 Call ScWindowCreated for all active Plugins
2/11/2021 3:33:33 PM 9596 ApplyPatch for BWAPI 4.4.0 Injector [RELEASE]
2/11/2021 3:33:33 PM 9596 ApplyPatch for W-MODE 1.02
2/11/2021 3:33:33 PM 9596 Starting Starcraft completed
2/11/2021 3:35:23 PM 9596 Startbutton
2/11/2021 3:35:23 PM 9596 Starting Game Starcraft 1.16.1 C:\Users\Zap\Downloads\Starcraft_1161\StarCraft.exe
2/11/2021 3:35:23 PM 9596 BWAPI 4.4.0 Injector [RELEASE] Version  Compatible
2/11/2021 3:35:23 PM 9596 W-MODE 1.02 Version 1.0.2 Compatible
2/11/2021 3:35:23 PM 9596 Obtained DebugPrivilege
2/11/2021 3:35:23 PM 9596 CreateProcess
2/11/2021 3:35:23 PM 9596 Call ScSuspended for all active Plugins
2/11/2021 3:35:23 PM 9596 ApplyPatchSuspended for BWAPI 4.4.0 Injector [RELEASE]
2/11/2021 3:35:23 PM 9596 ApplyPatchSuspended for W-MODE 1.02
2/11/2021 3:35:23 PM 9596 ResumeThread
2/11/2021 3:35:23 PM 9596 WaitForInputIdle
2/11/2021 3:35:23 PM 9596 Call ScWindowCreated for all active Plugins
2/11/2021 3:35:23 PM 9596 ApplyPatch for BWAPI 4.4.0 Injector [RELEASE]
2/11/2021 3:35:23 PM 9596 ApplyPatch for W-MODE 1.02
2/11/2021 3:35:23 PM 9596 Starting Starcraft completed
2/11/2021 4:04:16 PM 9596 Startbutton
2/11/2021 4:04:16 PM 9596 Starting Game Starcraft 1.16.1 C:\Users\Zap\Downloads\Starcraft_1161\StarCraft.exe
2/11/2021 4:04:16 PM 9596 BWAPI 4.4.0 Injector [RELEASE] Version  Compatible
2/11/2021 4:04:16 PM 9596 W-MODE 1.02 Version 1.0.2 Compatible
2/11/2021 4:04:16 PM 9596 Obtained DebugPrivilege
2/11/2021 4:04:16 PM 9596 CreateProcess
2/11/2021 4:04:16 PM 9596 Call ScSuspended for all active Plugins
2/11/2021 4:04:16 PM 9596 ApplyPatchSuspended for BWAPI 4.4.0 Injector [RELEASE]
2/11/2021 4:04:16 PM 9596 ApplyPatchSuspended for W-MODE 1.02
2/11/2021 4:04:16 PM 9596 ResumeThread
2/11/2021 4:04:16 PM 9596 WaitForInputIdle
2/11/2021 4:04:16 PM 9596 Call ScWindowCreated for all active Plugins
2/11/2021 4:04:16 PM 9596 ApplyPatch for BWAPI 4.4.0 Injector [RELEASE]
2/11/2021 4:04:16 PM 9596 ApplyPatch for W-MODE 1.02
2/11/2021 4:04:16 PM 9596 Starting Starcraft completed
2/11/2021 4:06:08 PM 9596 Startbutton
2/11/2021 4:06:08 PM 9596 Starting Game Starcraft 1.16.1 C:\Users\Zap\Downloads\Starcraft_1161\StarCraft.exe
2/11/2021 4:06:08 PM 9596 BWAPI 4.4.0 Injector [RELEASE] Version  Compatible
2/11/2021 4:06:08 PM 9596 W-MODE 1.02 Version 1.0.2 Compatible
2/11/2021 4:06:08 PM 9596 Obtained DebugPrivilege
2/11/2021 4:06:08 PM 9596 CreateProcess
2/11/2021 4:06:08 PM 9596 Call ScSuspended for all active Plugins
2/11/2021 4:06:08 PM 9596 ApplyPatchSuspended for BWAPI 4.4.0 Injector [RELEASE]
2/11/2021 4:06:08 PM 9596 ApplyPatchSuspended for W-MODE 1.02
2/11/2021 4:06:08 PM 9596 ResumeThread
2/11/2021 4:06:08 PM 9596 WaitForInputIdle
2/11/2021 4:06:08 PM 9596 Call ScWindowCreated for all active Plugins
2/11/2021 4:06:08 PM 9596 ApplyPatch for BWAPI 4.4.0 Injector [RELEASE]
2/11/2021 4:06:08 PM 9596 ApplyPatch for W-MODE 1.02
2/11/2021 4:06:08 PM 9596 Starting Starcraft completed
2/11/2021 4:06:41 PM 9596 Finishing
2/11/2021 4:06:41 PM 9596 Unloading Plugin ICCup
2/11/2021 4:06:41 PM 9596 Unloading Plugin APMAlert (1.16.1)
2/11/2021 4:06:41 PM 9596 Unloading Plugin BWAPI 4.4.0 Injector [RELEASE]
2/11/2021 4:06:41 PM 9596 Unloading Plugin BWAPI 4.4.0 Injector [DEBUG]
2/11/2021 4:06:41 PM 9596 Unloading Plugin Chaosplugin for 1.16.1
2/11/2021 4:06:41 PM 9596 Unloading Plugin LatencyChanger for 1.16.1
2/11/2021 4:06:41 PM 9596 Unloading Plugin RepFix
2/11/2021 4:06:41 PM 9596 Unloading Plugin RWAPlayer (1.16.1)
2/11/2021 4:06:41 PM 9596 Unloading Plugin RWARecorder (1.16.1)
2/11/2021 4:06:41 PM 9596 Unloading Plugin Stormplugin for 1.16.1
2/11/2021 4:06:41 PM 9596 Unloading Plugin W-MODE 1.02
2/11/2021 4:06:41 PM 9596 Logging ended
