  AIModule.cpp
  BroodwarOutputDevice.cpp
  BulletType.cpp
  BWAPI.cpp
  Color.cpp
  DamageType.cpp
  Error.cpp
  Event.cpp
  ExplosionType.cpp
  Filters.cpp
  Forceset.cpp
  Game.cpp
  GameType.cpp
  Order.cpp
  Player.cpp
  Playerset.cpp
  PlayerType.cpp
  Position.cpp
  Race.cpp
  Region.cpp
  Regionset.cpp
  Streams.cpp
  TechType.cpp
  Unit.cpp
  Unitset.cpp
  UnitCommand.cpp
  UnitCommandType.cpp
  UnitSizeType.cpp
  UnitType.cpp
  UpgradeType.cpp
  WeaponType.cpp
  BWAPILIB.vcxproj -> C:\Users\Zap\BWAPI\Release\BWAPILIB.lib
